<?xml version="1.0" encoding="UTF-8" standalone="yes"?>
<testsuites name="BDD Feature Test Suite" time="66" tests="1" failures="0" errors="0">
    <testsuite name="BDD Feature Test Suite" tests="1" failures="0" errors="0" time="66" timestamp="2019-10-31 21:38:21" hostname="BaPpY - 192.168.0.108" id="Test Suites/Cucumber Suites/BDD Feature Test Suite">
        <properties>
            <property name="deviceName" value=""/>
            <property name="devicePlatform" value=""/>
            <property name="logFolder" value="G:\\Katalon Studio\\Katalon Workspace\\Behaviour Driven Devlopment Example Project Using Cucumber Environment\\Reports\\20191031_213818\\Cucumber Suites\\BDD Feature Test Suite\\20191031_213818"/>
            <property name="logFiles" value="G:\\Katalon Studio\\Katalon Workspace\\Behaviour Driven Devlopment Example Project Using Cucumber Environment\\Reports\\20191031_213818\\Cucumber Suites\\BDD Feature Test Suite\\20191031_213818\\execution0.log"/>
            <property name="attachments" value=""/>
            <property name="hostName" value="BaPpY - 192.168.0.108"/>
            <property name="os" value="Windows 10 64bit"/>
            <property name="katalonVersion" value="6.3.3.11"/>
            <property name="browser" value="Chrome 78.0.3904.70"/>
            <property name="hostAddress" value="192.168.0.108"/>
            <property name="sessionId" value="60261f0968a96757fe6ec36decc4c3a6"/>
            <property name="seleniumVersion" value="3.141.59"/>
            <property name="proxyInformation" value="ProxyInformation{proxyOption=NO_PROXY, proxyServerType=HTTP, password=, proxyServerAddress=, proxyServerPort=0}"/>
            <property name="platform" value="Windows 10"/>
        </properties>
        <testcase name="Test Cases/Login Logout/Login User Test Case" classname="Test Cases/Login Logout/Login User Test Case" status="PASSED">
            <system-out>2019-10-31 21:38:21 - [TEST_CASE][PASSED] - Test Cases/Login Logout/Login User Test Case: Test Cases/Login Logout/Login User Test Case&#xD;
&#xD;
2019-10-31 21:38:21 - [TEST_STEP][PASSED] - openBrowser(""): Browser is opened with url: ''&#xD;
&#xD;
2019-10-31 21:38:22 - [MESSAGE][INFO] - Starting 'Chrome' driver&#xD;
&#xD;
2019-10-31 21:38:22 - [MESSAGE][INFO] - Action delay is set to 0 seconds&#xD;
&#xD;
2019-10-31 21:38:26 - [MESSAGE][PASSED] - Browser is opened with url: ''&#xD;
&#xD;
2019-10-31 21:38:26 - [TEST_STEP][PASSED] - navigateToUrl("https://opensource-demo.orangehrmlive.com/"): Navigate to 'https://opensource-demo.orangehrmlive.com/' successfully&#xD;
&#xD;
2019-10-31 21:38:30 - [MESSAGE][PASSED] - Navigate to 'https://opensource-demo.orangehrmlive.com/' successfully&#xD;
&#xD;
2019-10-31 21:38:30 - [TEST_STEP][PASSED] - click(findTestObject("Object Repository/Login Logout/Page_OrangeHRM/span_Username")): Object: 'Object Repository/Login Logout/Page_OrangeHRM/span_Username' is clicked on&#xD;
&#xD;
2019-10-31 21:38:30 - [MESSAGE][PASSED] - Object: 'Object Repository/Login Logout/Page_OrangeHRM/span_Username' is clicked on&#xD;
&#xD;
2019-10-31 21:38:30 - [TEST_STEP][PASSED] - setText(findTestObject("Object Repository/Login Logout/Page_OrangeHRM/input_LOGIN Panel_txtUsername"), "Admin"): Text 'Admin' is set on object 'Object Repository/Login Logout/Page_OrangeHRM/input_LOGIN Panel_txtUsername'&#xD;
&#xD;
2019-10-31 21:38:31 - [MESSAGE][PASSED] - Text 'Admin' is set on object 'Object Repository/Login Logout/Page_OrangeHRM/input_LOGIN Panel_txtUsername'&#xD;
&#xD;
2019-10-31 21:38:31 - [TEST_STEP][PASSED] - setText(findTestObject("Object Repository/Login Logout/Page_OrangeHRM/input_Username_txtPassword"), "admin123"): Text 'admin123' is set on object 'Object Repository/Login Logout/Page_OrangeHRM/input_Username_txtPassword'&#xD;
&#xD;
2019-10-31 21:38:31 - [MESSAGE][PASSED] - Text 'admin123' is set on object 'Object Repository/Login Logout/Page_OrangeHRM/input_Username_txtPassword'&#xD;
&#xD;
2019-10-31 21:38:31 - [TEST_STEP][PASSED] - click(findTestObject("Object Repository/Login Logout/Page_OrangeHRM/input_Password_Submit")): Object: 'Object Repository/Login Logout/Page_OrangeHRM/input_Password_Submit' is clicked on&#xD;
&#xD;
2019-10-31 21:38:33 - [MESSAGE][PASSED] - Object: 'Object Repository/Login Logout/Page_OrangeHRM/input_Password_Submit' is clicked on&#xD;
&#xD;
2019-10-31 21:38:33 - [TEST_STEP][PASSED] - click(findTestObject("Object Repository/Login Logout/Page_OrangeHRM/h1_Dashboard")): Object: 'Object Repository/Login Logout/Page_OrangeHRM/h1_Dashboard' is clicked on&#xD;
&#xD;
2019-10-31 21:38:33 - [MESSAGE][PASSED] - Object: 'Object Repository/Login Logout/Page_OrangeHRM/h1_Dashboard' is clicked on&#xD;
&#xD;
2019-10-31 21:38:33 - [TEST_STEP][PASSED] - verifyElementText(findTestObject("Login Logout/Page_OrangeHRM/h1_Dashboard"), "Dashboard"): Actual text and expected text of test object 'Object Repository/Login Logout/Page_OrangeHRM/h1_Dashboard' are matched.&#xD;
&#xD;
2019-10-31 21:38:35 - [MESSAGE][PASSED] - Actual text and expected text of test object 'Object Repository/Login Logout/Page_OrangeHRM/h1_Dashboard' are matched.&#xD;
&#xD;
2019-10-31 21:38:35 - [TEST_STEP][PASSED] - click(findTestObject("Object Repository/Login Logout/Page_OrangeHRM/b_Dashboard")): Object: 'Object Repository/Login Logout/Page_OrangeHRM/b_Dashboard' is clicked on&#xD;
&#xD;
2019-10-31 21:38:35 - [MESSAGE][PASSED] - Object: 'Object Repository/Login Logout/Page_OrangeHRM/b_Dashboard' is clicked on&#xD;
&#xD;
2019-10-31 21:38:35 - [TEST_STEP][PASSED] - verifyElementPresent(findTestObject("Login Logout/Page_OrangeHRM/b_Dashboard"), 2): Object 'Object Repository/Login Logout/Page_OrangeHRM/b_Dashboard' is present&#xD;
&#xD;
2019-10-31 21:38:35 - [MESSAGE][PASSED] - Object 'Object Repository/Login Logout/Page_OrangeHRM/b_Dashboard' is present&#xD;
&#xD;
2019-10-31 21:38:35 - [TEST_STEP][PASSED] - closeBrowser(): Browser is closed&#xD;
&#xD;
2019-10-31 21:38:36 - [MESSAGE][PASSED] - Browser is closed</system-out>
            <system-err></system-err>
        </testcase>
        <testcase name="Test Cases/Login Logout/Run Feature Test Case" classname="Test Cases/Login Logout/Run Feature Test Case" status="INCOMPLETE">
            <system-out>2019-10-31 21:38:36 - [TEST_CASE][INCOMPLETE] - Test Cases/Login Logout/Run Feature Test Case: null&#xD;
&#xD;
2019-10-31 21:38:36 - [TEST_STEP][PASSED] - runFeatureFile("Include/features/BDD Feature/UserLogin.feature"): Test Cases/Login Logout/Run Feature Test Case&#xD;
&#xD;
2019-10-31 21:38:36 - [MESSAGE][INFO] - Starting run keyword runFeatureFile: 'Include/features/BDD Feature/UserLogin.feature' and extract report to folder: 'G:\Katalon Studio\Katalon Workspace\Behaviour Driven Devlopment Example Project Using Cucumber Environment\Reports\20191031_213818\Cucumber Suites\BDD Feature Test Suite\20191031_213818/cucumber_report/1572536316615'...&#xD;
&#xD;
2019-10-31 21:38:37 - [TEST_CASE][PASSED] - Start Test Case : SCENARIO Test User Login With Valid Credentials: SCENARIO Test User Login With Valid Credentials&#xD;
&#xD;
2019-10-31 21:38:37 - [TEST_STEP][PASSED] - I am Navigated To User Login Page: I am Navigated To User Login Page&#xD;
&#xD;
2019-10-31 21:38:37 - [MESSAGE][INFO] - Starting 'Chrome' driver&#xD;
&#xD;
2019-10-31 21:38:40 - [MESSAGE][PASSED] - Browser is opened with url: ''&#xD;
&#xD;
2019-10-31 21:38:43 - [MESSAGE][PASSED] - Navigate to 'https://opensource-demo.orangehrmlive.com/' successfully&#xD;
&#xD;
2019-10-31 21:38:43 - [MESSAGE][PASSED] - I am Navigated To User Login Page&#xD;
&#xD;
2019-10-31 21:38:43 - [TEST_STEP][PASSED] - User Enters Their Crerdentials, Admin And admin123: User Enters Their Crerdentials, Admin And admin123&#xD;
&#xD;
2019-10-31 21:38:43 - [MESSAGE][PASSED] - Text 'Admin' is set on object 'Object Repository/Login Logout/Page_OrangeHRM/input_LOGIN Panel_txtUsername'&#xD;
&#xD;
2019-10-31 21:38:43 - [MESSAGE][PASSED] - Text 'admin123' is set on object 'Object Repository/Login Logout/Page_OrangeHRM/input_Username_txtPassword'&#xD;
&#xD;
2019-10-31 21:38:43 - [MESSAGE][PASSED] - User Enters Their Crerdentials, Admin And admin123&#xD;
&#xD;
2019-10-31 21:38:43 - [TEST_STEP][PASSED] - Click On Login Button: Click On Login Button&#xD;
&#xD;
2019-10-31 21:38:45 - [MESSAGE][PASSED] - Object: 'Object Repository/Login Logout/Page_OrangeHRM/input_Password_Submit' is clicked on&#xD;
&#xD;
2019-10-31 21:38:45 - [MESSAGE][PASSED] - Click On Login Button&#xD;
&#xD;
2019-10-31 21:38:45 - [TEST_STEP][PASSED] - User Lands On Dashboard: User Lands On Dashboard&#xD;
&#xD;
2019-10-31 21:38:47 - [MESSAGE][PASSED] - Actual text and expected text of test object 'Object Repository/Login Logout/Page_OrangeHRM/h1_Dashboard' are matched.&#xD;
&#xD;
2019-10-31 21:38:47 - [MESSAGE][PASSED] - Object 'Object Repository/Login Logout/Page_OrangeHRM/b_Dashboard' is present&#xD;
&#xD;
2019-10-31 21:38:48 - [MESSAGE][PASSED] - Browser is closed&#xD;
&#xD;
2019-10-31 21:38:48 - [MESSAGE][PASSED] - User Lands On Dashboard&#xD;
&#xD;
2019-10-31 21:38:48 - [TEST_CASE][PASSED] - Start Test Case : SCENARIO Test User Login With Valid Credentials: SCENARIO Test User Login With Valid Credentials&#xD;
&#xD;
2019-10-31 21:38:48 - [TEST_STEP][PASSED] - I am Navigated To User Login Page: I am Navigated To User Login Page&#xD;
&#xD;
2019-10-31 21:38:48 - [MESSAGE][INFO] - Starting 'Chrome' driver&#xD;
&#xD;
2019-10-31 21:38:52 - [MESSAGE][PASSED] - Browser is opened with url: ''&#xD;
&#xD;
2019-10-31 21:38:55 - [MESSAGE][PASSED] - Navigate to 'https://opensource-demo.orangehrmlive.com/' successfully&#xD;
&#xD;
2019-10-31 21:38:55 - [MESSAGE][PASSED] - I am Navigated To User Login Page&#xD;
&#xD;
2019-10-31 21:38:55 - [TEST_STEP][PASSED] - User Enters Their Crerdentials, Admin And admin123: User Enters Their Crerdentials, Admin And admin123&#xD;
&#xD;
2019-10-31 21:38:56 - [MESSAGE][PASSED] - Text 'Admin' is set on object 'Object Repository/Login Logout/Page_OrangeHRM/input_LOGIN Panel_txtUsername'&#xD;
&#xD;
2019-10-31 21:38:56 - [MESSAGE][PASSED] - Text 'admin123' is set on object 'Object Repository/Login Logout/Page_OrangeHRM/input_Username_txtPassword'&#xD;
&#xD;
2019-10-31 21:38:56 - [MESSAGE][PASSED] - User Enters Their Crerdentials, Admin And admin123&#xD;
&#xD;
2019-10-31 21:38:56 - [TEST_STEP][PASSED] - Click On Login Button: Click On Login Button&#xD;
&#xD;
2019-10-31 21:38:58 - [MESSAGE][PASSED] - Object: 'Object Repository/Login Logout/Page_OrangeHRM/input_Password_Submit' is clicked on&#xD;
&#xD;
2019-10-31 21:38:58 - [MESSAGE][PASSED] - Click On Login Button&#xD;
&#xD;
2019-10-31 21:38:58 - [TEST_STEP][PASSED] - User Lands On Dashboard: User Lands On Dashboard&#xD;
&#xD;
2019-10-31 21:39:00 - [MESSAGE][PASSED] - Actual text and expected text of test object 'Object Repository/Login Logout/Page_OrangeHRM/h1_Dashboard' are matched.&#xD;
&#xD;
2019-10-31 21:39:01 - [MESSAGE][PASSED] - Object 'Object Repository/Login Logout/Page_OrangeHRM/b_Dashboard' is present&#xD;
&#xD;
2019-10-31 21:39:01 - [MESSAGE][PASSED] - Browser is closed&#xD;
&#xD;
2019-10-31 21:39:01 - [MESSAGE][PASSED] - User Lands On Dashboard&#xD;
&#xD;
2019-10-31 21:39:01 - [MESSAGE][PASSED] - Feature file: 'Include/features/BDD Feature/UserLogin.feature' was passed&#xD;
&#xD;
2019-10-31 21:39:01 - [TEST_STEP][PASSED] - runFeatureFolder("Include/features"): All feature files in 'Include/features' were passed&#xD;
&#xD;
2019-10-31 21:39:01 - [MESSAGE][INFO] - Starting run keyword runFeatureFolder: 'Include/features' and extract report to folder: 'G:\Katalon Studio\Katalon Workspace\Behaviour Driven Devlopment Example Project Using Cucumber Environment\Reports\20191031_213818\Cucumber Suites\BDD Feature Test Suite\20191031_213818/cucumber_report/1572536341956'...&#xD;
&#xD;
2019-10-31 21:39:02 - [MESSAGE][INFO] - Starting 'Chrome' driver&#xD;
&#xD;
2019-10-31 21:39:04 - [MESSAGE][PASSED] - Browser is opened with url: ''&#xD;
&#xD;
2019-10-31 21:39:08 - [MESSAGE][PASSED] - Navigate to 'https://opensource-demo.orangehrmlive.com/' successfully&#xD;
&#xD;
2019-10-31 21:39:08 - [MESSAGE][PASSED] - Text 'Admin' is set on object 'Object Repository/Login Logout/Page_OrangeHRM/input_LOGIN Panel_txtUsername'&#xD;
&#xD;
2019-10-31 21:39:08 - [MESSAGE][PASSED] - Text 'admin123' is set on object 'Object Repository/Login Logout/Page_OrangeHRM/input_Username_txtPassword'&#xD;
&#xD;
2019-10-31 21:39:10 - [MESSAGE][PASSED] - Object: 'Object Repository/Login Logout/Page_OrangeHRM/input_Password_Submit' is clicked on&#xD;
&#xD;
2019-10-31 21:39:10 - [MESSAGE][PASSED] - Actual text and expected text of test object 'Object Repository/Login Logout/Page_OrangeHRM/h1_Dashboard' are matched.&#xD;
&#xD;
2019-10-31 21:39:12 - [MESSAGE][PASSED] - Object 'Object Repository/Login Logout/Page_OrangeHRM/b_Dashboard' is present&#xD;
&#xD;
2019-10-31 21:39:13 - [MESSAGE][PASSED] - Browser is closed&#xD;
&#xD;
2019-10-31 21:39:13 - [MESSAGE][INFO] - Starting 'Chrome' driver&#xD;
&#xD;
2019-10-31 21:39:16 - [MESSAGE][PASSED] - Browser is opened with url: ''&#xD;
&#xD;
2019-10-31 21:39:21 - [MESSAGE][PASSED] - Navigate to 'https://opensource-demo.orangehrmlive.com/' successfully&#xD;
&#xD;
2019-10-31 21:39:21 - [MESSAGE][PASSED] - Text 'Admin' is set on object 'Object Repository/Login Logout/Page_OrangeHRM/input_LOGIN Panel_txtUsername'&#xD;
&#xD;
2019-10-31 21:39:22 - [MESSAGE][PASSED] - Text 'admin123' is set on object 'Object Repository/Login Logout/Page_OrangeHRM/input_Username_txtPassword'&#xD;
&#xD;
2019-10-31 21:39:24 - [MESSAGE][PASSED] - Object: 'Object Repository/Login Logout/Page_OrangeHRM/input_Password_Submit' is clicked on&#xD;
&#xD;
2019-10-31 21:39:26 - [MESSAGE][PASSED] - Actual text and expected text of test object 'Object Repository/Login Logout/Page_OrangeHRM/h1_Dashboard' are matched.&#xD;
&#xD;
2019-10-31 21:39:26 - [MESSAGE][PASSED] - Object 'Object Repository/Login Logout/Page_OrangeHRM/b_Dashboard' is present&#xD;
&#xD;
2019-10-31 21:39:27 - [MESSAGE][PASSED] - Browser is closed&#xD;
&#xD;
2019-10-31 21:39:27 - [MESSAGE][PASSED] - All feature files in 'Include/features' were passed&#xD;
&#xD;
2019-10-31 21:39:27 - [MESSAGE][PASSED] - Test Cases/Login Logout/Run Feature Test Case&#xD;
&#xD;
2019-10-31 21:39:27 - [TEST_STEP][INCOMPLETE] - Start listener action : exportKatalonReports: null</system-out>
            <system-err>2019-10-31 21:38:36 - [TEST_CASE][INCOMPLETE] - Test Cases/Login Logout/Run Feature Test Case: null</system-err>
        </testcase>
        <system-out>2019-10-31 21:38:21 - [TEST_SUITE][INCOMPLETE] - BDD Feature Test Suite: null</system-out>
        <system-err>2019-10-31 21:38:21 - [TEST_SUITE][INCOMPLETE] - BDD Feature Test Suite: null</system-err>
    </testsuite>
</testsuites>
